This is pdfTeX, Version 3.1415926-2.3-1.40.12 (TeX Live 2011) (format=pdflatex 2011.7.3)  29 MAR 2012 01:53
entering extended mode
 restricted \write18 enabled.
 %&-line parsing enabled.
**apeaseThesis.tex
(./apeaseThesis.tex
LaTeX2e <2009/09/24>
Babel <v3.8l> and hyphenation patterns for english, dumylang, nohyphenation, ge
rman-x-2009-06-19, ngerman-x-2009-06-19, afrikaans, ancientgreek, ibycus, arabi
c, armenian, basque, bulgarian, catalan, pinyin, coptic, croatian, czech, danis
h, dutch, ukenglish, usenglishmax, esperanto, estonian, ethiopic, farsi, finnis
h, french, galician, german, ngerman, swissgerman, monogreek, greek, hungarian,
 icelandic, assamese, bengali, gujarati, hindi, kannada, malayalam, marathi, or
iya, panjabi, tamil, telugu, indonesian, interlingua, irish, italian, kurmanji,
 lao, latin, latvian, lithuanian, mongolian, mongolianlmc, bokmal, nynorsk, pol
ish, portuguese, romanian, russian, sanskrit, serbian, serbianc, slovak, sloven
ian, spanish, swedish, turkish, turkmen, ukrainian, uppersorbian, welsh, loaded
.
(/usr/local/texlive/2011/texmf-dist/tex/latex/base/book.cls
Document Class: book 2007/10/19 v1.4h Standard LaTeX document class
(/usr/local/texlive/2011/texmf-dist/tex/latex/base/bk11.clo
File: bk11.clo 2007/10/19 v1.4h Standard LaTeX file (size option)
)
\c@part=\count79
\c@chapter=\count80
\c@section=\count81
\c@subsection=\count82
\c@subsubsection=\count83
\c@paragraph=\count84
\c@subparagraph=\count85
\c@figure=\count86
\c@table=\count87
\abovecaptionskip=\skip41
\belowcaptionskip=\skip42
\bibindent=\dimen102
)
(/usr/local/texlive/2011/texmf-dist/tex/latex/amsmath/amsmath.sty
Package: amsmath 2000/07/18 v2.13 AMS math features
\@mathmargin=\skip43

For additional information on amsmath, use the `?' option.
(/usr/local/texlive/2011/texmf-dist/tex/latex/amsmath/amstext.sty
Package: amstext 2000/06/29 v2.01

(/usr/local/texlive/2011/texmf-dist/tex/latex/amsmath/amsgen.sty
File: amsgen.sty 1999/11/30 v2.0
\@emptytoks=\toks14
\ex@=\dimen103
))
(/usr/local/texlive/2011/texmf-dist/tex/latex/amsmath/amsbsy.sty
Package: amsbsy 1999/11/29 v1.2d
\pmbraise@=\dimen104
)
(/usr/local/texlive/2011/texmf-dist/tex/latex/amsmath/amsopn.sty
Package: amsopn 1999/12/14 v2.01 operator names
)
\inf@bad=\count88
LaTeX Info: Redefining \frac on input line 211.
\uproot@=\count89
\leftroot@=\count90
LaTeX Info: Redefining \overline on input line 307.
\classnum@=\count91
\DOTSCASE@=\count92
LaTeX Info: Redefining \ldots on input line 379.
LaTeX Info: Redefining \dots on input line 382.
LaTeX Info: Redefining \cdots on input line 467.
\Mathstrutbox@=\box26
\strutbox@=\box27
\big@size=\dimen105
LaTeX Font Info:    Redeclaring font encoding OML on input line 567.
LaTeX Font Info:    Redeclaring font encoding OMS on input line 568.
\macc@depth=\count93
\c@MaxMatrixCols=\count94
\dotsspace@=\muskip10
\c@parentequation=\count95
\dspbrk@lvl=\count96
\tag@help=\toks15
\row@=\count97
\column@=\count98
\maxfields@=\count99
\andhelp@=\toks16
\eqnshift@=\dimen106
\alignsep@=\dimen107
\tagshift@=\dimen108
\tagwidth@=\dimen109
\totwidth@=\dimen110
\lineht@=\dimen111
\@envbody=\toks17
\multlinegap=\skip44
\multlinetaggap=\skip45
\mathdisplay@stack=\toks18
LaTeX Info: Redefining \[ on input line 2666.
LaTeX Info: Redefining \] on input line 2667.
)
(/usr/local/texlive/2011/texmf-dist/tex/latex/amscls/amsthm.sty
Package: amsthm 2009/07/02 v2.20.1
\thm@style=\toks19
\thm@bodyfont=\toks20
\thm@headfont=\toks21
\thm@notefont=\toks22
\thm@headpunct=\toks23
\thm@preskip=\skip46
\thm@postskip=\skip47
\thm@headsep=\skip48
\dth@everypar=\toks24
)
(/usr/local/texlive/2011/texmf-dist/tex/latex/amsfonts/amssymb.sty
Package: amssymb 2009/06/22 v3.00

(/usr/local/texlive/2011/texmf-dist/tex/latex/amsfonts/amsfonts.sty
Package: amsfonts 2009/06/22 v3.00 Basic AMSFonts support
\symAMSa=\mathgroup4
\symAMSb=\mathgroup5
LaTeX Font Info:    Overwriting math alphabet `\mathfrak' in version `bold'
(Font)                  U/euf/m/n --> U/euf/b/n on input line 96.
))
(/usr/local/texlive/2011/texmf-dist/tex/latex/jknapltx/mathrsfs.sty
Package: mathrsfs 1996/01/01 Math RSFS package v1.0 (jk)
\symrsfs=\mathgroup6
)
(/usr/local/texlive/2011/texmf-dist/tex/latex/graphics/graphicx.sty
Package: graphicx 1999/02/16 v1.0f Enhanced LaTeX Graphics (DPC,SPQR)

(/usr/local/texlive/2011/texmf-dist/tex/latex/graphics/keyval.sty
Package: keyval 1999/03/16 v1.13 key=value parser (DPC)
\KV@toks@=\toks25
)
(/usr/local/texlive/2011/texmf-dist/tex/latex/graphics/graphics.sty
Package: graphics 2009/02/05 v1.0o Standard LaTeX Graphics (DPC,SPQR)

(/usr/local/texlive/2011/texmf-dist/tex/latex/graphics/trig.sty
Package: trig 1999/03/16 v1.09 sin cos tan (DPC)
)
(/usr/local/texlive/2011/texmf-dist/tex/latex/latexconfig/graphics.cfg
File: graphics.cfg 2010/04/23 v1.9 graphics configuration of TeX Live
)
Package graphics Info: Driver file: pdftex.def on input line 91.

(/usr/local/texlive/2011/texmf-dist/tex/latex/pdftex-def/pdftex.def
File: pdftex.def 2011/05/27 v0.06d Graphics/color for pdfTeX

(/usr/local/texlive/2011/texmf-dist/tex/generic/oberdiek/infwarerr.sty
Package: infwarerr 2010/04/08 v1.3 Providing info/warning/message (HO)
)
(/usr/local/texlive/2011/texmf-dist/tex/generic/oberdiek/ltxcmds.sty
Package: ltxcmds 2011/04/18 v1.20 LaTeX kernel commands for general use (HO)
)
\Gread@gobject=\count100
))
\Gin@req@height=\dimen112
\Gin@req@width=\dimen113
)
(/usr/local/texlive/2011/texmf-dist/tex/latex/cite/cite.sty
LaTeX Info: Redefining \cite on input line 302.
LaTeX Info: Redefining \nocite on input line 373.
Package: cite 2010/09/10  v 5.3
)
(/usr/local/texlive/2011/texmf-dist/tex/latex/geometry/geometry.sty
Package: geometry 2010/09/12 v5.6 Page Geometry

(/usr/local/texlive/2011/texmf-dist/tex/generic/oberdiek/ifpdf.sty
Package: ifpdf 2011/01/30 v2.3 Provides the ifpdf switch (HO)
Package ifpdf Info: pdfTeX in PDF mode is detected.
)
(/usr/local/texlive/2011/texmf-dist/tex/generic/oberdiek/ifvtex.sty
Package: ifvtex 2010/03/01 v1.5 Switches for detecting VTeX and its modes (HO)
Package ifvtex Info: VTeX not detected.
)
(/usr/local/texlive/2011/texmf-dist/tex/generic/ifxetex/ifxetex.sty
Package: ifxetex 2010/09/12 v0.6 Provides ifxetex conditional
)
\Gm@cnth=\count101
\Gm@cntv=\count102
\c@Gm@tempcnt=\count103
\Gm@bindingoffset=\dimen114
\Gm@wd@mp=\dimen115
\Gm@odd@mp=\dimen116
\Gm@even@mp=\dimen117
\Gm@layoutwidth=\dimen118
\Gm@layoutheight=\dimen119
\Gm@layouthoffset=\dimen120
\Gm@layoutvoffset=\dimen121
\Gm@dimlist=\toks26
)
(/usr/local/texlive/2011/texmf-dist/tex/latex/fancyhdr/fancyhdr.sty
\fancy@headwidth=\skip49
\f@ncyO@elh=\skip50
\f@ncyO@erh=\skip51
\f@ncyO@olh=\skip52
\f@ncyO@orh=\skip53
\f@ncyO@elf=\skip54
\f@ncyO@erf=\skip55
\f@ncyO@olf=\skip56
\f@ncyO@orf=\skip57
)
(./apeaseThesis.aux

LaTeX Warning: Label `fig:Wirebonding' multiply defined.

)
\openout1 = `apeaseThesis.aux'.

LaTeX Font Info:    Checking defaults for OML/cmm/m/it on input line 84.
LaTeX Font Info:    ... okay on input line 84.
LaTeX Font Info:    Checking defaults for T1/cmr/m/n on input line 84.
LaTeX Font Info:    ... okay on input line 84.
LaTeX Font Info:    Checking defaults for OT1/cmr/m/n on input line 84.
LaTeX Font Info:    ... okay on input line 84.
LaTeX Font Info:    Checking defaults for OMS/cmsy/m/n on input line 84.
LaTeX Font Info:    ... okay on input line 84.
LaTeX Font Info:    Checking defaults for OMX/cmex/m/n on input line 84.
LaTeX Font Info:    ... okay on input line 84.
LaTeX Font Info:    Checking defaults for U/cmr/m/n on input line 84.
LaTeX Font Info:    ... okay on input line 84.
 (/usr/local/texlive/2011/texmf-dist/tex/context/base/supp-pdf.mkii
[Loading MPS to PDF converter (version 2006.09.02).]
\scratchcounter=\count104
\scratchdimen=\dimen122
\scratchbox=\box28
\nofMPsegments=\count105
\nofMParguments=\count106
\everyMPshowfont=\toks27
\MPscratchCnt=\count107
\MPscratchDim=\dimen123
\MPnumerator=\count108
\makeMPintoPDFobject=\count109
\everyMPtoPDFconversion=\toks28
) (/usr/local/texlive/2011/texmf-dist/tex/generic/oberdiek/pdftexcmds.sty
Package: pdftexcmds 2011/04/22 v0.16 Utilities of pdfTeX for LuaTeX (HO)

(/usr/local/texlive/2011/texmf-dist/tex/generic/oberdiek/ifluatex.sty
Package: ifluatex 2010/03/01 v1.3 Provides the ifluatex switch (HO)
Package ifluatex Info: LuaTeX not detected.
)
Package pdftexcmds Info: LuaTeX not detected.
Package pdftexcmds Info: \pdf@primitive is available.
Package pdftexcmds Info: \pdf@ifprimitive is available.
Package pdftexcmds Info: \pdfdraftmode found.
)
(/usr/local/texlive/2011/texmf-dist/tex/latex/oberdiek/epstopdf-base.sty
Package: epstopdf-base 2010/02/09 v2.5 Base part for package epstopdf

(/usr/local/texlive/2011/texmf-dist/tex/latex/oberdiek/grfext.sty
Package: grfext 2010/08/19 v1.1 Managing graphics extensions (HO)

(/usr/local/texlive/2011/texmf-dist/tex/generic/oberdiek/kvdefinekeys.sty
Package: kvdefinekeys 2011/04/07 v1.3 Defining keys (HO)
))
(/usr/local/texlive/2011/texmf-dist/tex/latex/oberdiek/kvoptions.sty
Package: kvoptions 2010/12/23 v3.10 Keyval support for LaTeX options (HO)

(/usr/local/texlive/2011/texmf-dist/tex/generic/oberdiek/kvsetkeys.sty
Package: kvsetkeys 2011/04/07 v1.13 Key value parser (HO)

(/usr/local/texlive/2011/texmf-dist/tex/generic/oberdiek/etexcmds.sty
Package: etexcmds 2011/02/16 v1.5 Prefix for e-TeX command names (HO)
Package etexcmds Info: Could not find \expanded.
(etexcmds)             That can mean that you are not using pdfTeX 1.50 or
(etexcmds)             that some package has redefined \expanded.
(etexcmds)             In the latter case, load this package earlier.
)))
Package grfext Info: Graphics extension search list:
(grfext)             [.png,.pdf,.jpg,.mps,.jpeg,.jbig2,.jb2,.PNG,.PDF,.JPG,.JPE
G,.JBIG2,.JB2,.eps]
(grfext)             \AppendGraphicsExtensions on input line 452.

(/usr/local/texlive/2011/texmf-dist/tex/latex/latexconfig/epstopdf-sys.cfg
File: epstopdf-sys.cfg 2010/07/13 v1.3 Configuration of (r)epstopdf for TeX Liv
e
))
*geometry* driver: auto-detecting
*geometry* detected driver: pdftex
*geometry* verbose mode - [ preamble ] result:
* driver: pdftex
* paper: <default>
* layout: <same size as paper>
* layoutoffset:(h,v)=(0.0pt,0.0pt)
* modes: 
* h-part:(L,W,R)=(108.405pt, 433.62001pt, 72.26999pt)
* v-part:(T,H,B)=(72.26999pt, 627.30263pt, 95.39737pt)
* \paperwidth=614.295pt
* \paperheight=794.96999pt
* \textwidth=433.62001pt
* \textheight=627.30263pt
* \oddsidemargin=36.13501pt
* \evensidemargin=36.13501pt
* \topmargin=0.0pt
* \headheight=0.0pt
* \headsep=0.0pt
* \topskip=11.0pt
* \footskip=72.26999pt
* \marginparwidth=62.0pt
* \marginparsep=7.0pt
* \columnsep=10.0pt
* \skip\footins=10.0pt plus 4.0pt minus 2.0pt
* \hoffset=0.0pt
* \voffset=0.0pt
* \mag=1000
* \@twocolumnfalse
* \@twosidefalse
* \@mparswitchfalse
* \@reversemarginfalse
* (1in=72.27pt=25.4mm, 1cm=28.453pt)

LaTeX Font Info:    Try loading font information for U+msa on input line 101.
(/usr/local/texlive/2011/texmf-dist/tex/latex/amsfonts/umsa.fd
File: umsa.fd 2009/06/22 v3.00 AMS symbols A
)
LaTeX Font Info:    Try loading font information for U+msb on input line 101.

(/usr/local/texlive/2011/texmf-dist/tex/latex/amsfonts/umsb.fd
File: umsb.fd 2009/06/22 v3.00 AMS symbols B
)
LaTeX Font Info:    Try loading font information for U+rsfs on input line 101.

(/usr/local/texlive/2011/texmf-dist/tex/latex/jknapltx/ursfs.fd
File: ursfs.fd 1998/03/24 rsfs font definition file (jk)
) [1


{/Users/AlexanderPease/Library/texmf/fonts/map/pdftex/updmap/pdftex.map}] [1] [
2]
(./apeaseThesis.toc)
\tf@toc=\write3
\openout3 = `apeaseThesis.toc'.

 [3

] (./apeaseThesis.lof)
\tf@lof=\write4
\openout4 = `apeaseThesis.lof'.

 [4

] (./apeaseThesis.lot)
\tf@lot=\write5
\openout5 = `apeaseThesis.lot'.

 [5

]
[6] [7]
Chapter 1.
[8

] <SchustercQEDSchematic.png, id=39, 662.475pt x 356.33125pt>
File: SchustercQEDSchematic.png Graphic file (type png)

<use SchustercQEDSchematic.png>
Package pdftex.def Info: SchustercQEDSchematic.png used on input line 220.
(pdftex.def)             Requested size: 216.81pt x 116.61641pt.


LaTeX Warning: `h' float specifier changed to `ht'.

[9]

LaTeX Warning: Citation `Luger' on page 10 undefined on input line 252.

[10 <./SchustercQEDSchematic.png>] [11]
Chapter 2.
[12

] <Semba-Toy-cQED.png, id=60, 454.69875pt x 186.6975pt>
File: Semba-Toy-cQED.png Graphic file (type png)

<use Semba-Toy-cQED.png>
Package pdftex.def Info: Semba-Toy-cQED.png used on input line 291.
(pdftex.def)             Requested size: 216.81pt x 89.02122pt.


LaTeX Warning: Citation `Semba' on page 13 undefined on input line 292.


LaTeX Warning: Citation `Semba' on page 13 undefined on input line 292.

[13 <./Semba-Toy-cQED.png (PNG copy)>] [14] [15] [16]
<Goppl-Higher-Modes.png, id=79, 712.6625pt x 484.81125pt>
File: Goppl-Higher-Modes.png Graphic file (type png)

<use Goppl-Higher-Modes.png>
Package pdftex.def Info: Goppl-Higher-Modes.png used on input line 436.
(pdftex.def)             Requested size: 180.67499pt x 122.90396pt.
 <placeholder.jpg, id=80, 501.875pt x 501.875pt>
File: placeholder.jpg Graphic file (type jpg)

<use placeholder.jpg>
Package pdftex.def Info: placeholder.jpg used on input line 436.
(pdftex.def)             Requested size: 180.67499pt x 180.67485pt.


LaTeX Warning: Citation `Goppl' on page 17 undefined on input line 437.


LaTeX Warning: Citation `Goppl' on page 17 undefined on input line 437.

[17 <./Goppl-Higher-Modes.png> <./placeholder.jpg>]
<SchusterResonantEnergyLevels.png, id=85, 661.47125pt x 480.79625pt>
File: SchusterResonantEnergyLevels.png Graphic file (type png)

<use SchusterResonantEnergyLevels.png>
Package pdftex.def Info: SchusterResonantEnergyLevels.png used on input line 46
6.
(pdftex.def)             Requested size: 252.94499pt x 183.84894pt.
Missing character: There is no â in font cmr10!
Missing character: There is no € in font cmr10!
Missing character: There is no ” in font cmr10!

<SchusterAvoidedCrossing.png, id=86, 926.46124pt x 581.17125pt>
File: SchusterAvoidedCrossing.png Graphic file (type png)

<use SchusterAvoidedCrossing.png>
Package pdftex.def Info: SchusterAvoidedCrossing.png used on input line 477.
(pdftex.def)             Requested size: 289.07999pt x 181.34065pt.


LaTeX Warning: `h' float specifier changed to `ht'.

[18 <./SchusterResonantEnergyLevels.png>]

LaTeX Warning: Citation `Zhu' on page 19 undefined on input line 492.


LaTeX Warning: Citation `Tian' on page 19 undefined on input line 492.

[19 <./SchusterAvoidedCrossing.png>]
<HouckParameterSpace.png, id=96, 812.03375pt x 511.9125pt>
File: HouckParameterSpace.png Graphic file (type png)

<use HouckParameterSpace.png>
Package pdftex.def Info: HouckParameterSpace.png used on input line 501.
(pdftex.def)             Requested size: 289.07999pt x 182.23402pt.
 [20 <./HouckParameterSpace.png (PNG copy)>]
<SchusterDispersiveEnergyLevels.png, id=100, 914.41624pt x 725.71124pt>
File: SchusterDispersiveEnergyLevels.png Graphic file (type png)

<use SchusterDispersiveEnergyLevels.png>
Package pdftex.def Info: SchusterDispersiveEnergyLevels.png used on input line 
542.
(pdftex.def)             Requested size: 216.81pt x 172.05922pt.


LaTeX Warning: `h' float specifier changed to `ht'.


LaTeX Warning: Reference `sec:DiVincezo' on page 21 undefined on input line 547
.


LaTeX Warning: Reference `fig:DispersiveStrong' on page 21 undefined on input l
ine 551.

[21]
<SchusterDispersiveFrequencyShifts.png, id=104, 366.36874pt x 247.92625pt>
File: SchusterDispersiveFrequencyShifts.png Graphic file (type png)

<use SchusterDispersiveFrequencyShifts.png>
Package pdftex.def Info: SchusterDispersiveFrequencyShifts.png used on input li
ne 555.
(pdftex.def)             Requested size: 252.94499pt x 171.17143pt.


LaTeX Warning: `h' float specifier changed to `ht'.

[22 <./SchusterDispersiveEnergyLevels.png (PNG copy)>] [23 <./SchusterDispersiv
eFrequencyShifts.png>]
Chapter 3.
[24

]
Chapter 4.
[25

] <BishopLC.png, id=119, 183.68625pt x 182.6825pt>
File: BishopLC.png Graphic file (type png)
 <use BishopLC.png>
Package pdftex.def Info: BishopLC.png used on input line 693.
(pdftex.def)             Requested size: 85.82802pt x 85.35826pt.

<BishopLCChain.png, id=120, 584.1825pt x 170.6375pt>
File: BishopLCChain.png Graphic file (type png)
 <use BishopLCChain.png>
Package pdftex.def Info: BishopLCChain.png used on input line 693.
(pdftex.def)             Requested size: 292.23314pt x 85.35826pt.

[26 <./BishopLC.png> <./BishopLCChain.png>] [27]

LaTeX Warning: Reference `:LCLagrangianIntegral' on page 28 undefined on input 
line 782.

[28]

LaTeX Warning: Reference `fig:CPW' on page 29 undefined on input line 803.


LaTeX Warning: Citation `Devoret2004' on page 29 undefined on input line 810.


LaTeX Warning: Citation `Tinkham' on page 29 undefined on input line 814.

[29] <Koch-Transmon-eigenenergies.png, id=135, 907.39pt x 698.61pt>
File: Koch-Transmon-eigenenergies.png Graphic file (type png)

<use Koch-Transmon-eigenenergies.png>
Package pdftex.def Info: Koch-Transmon-eigenenergies.png used on input line 869
.
(pdftex.def)             Requested size: 361.34999pt x 278.2025pt.


LaTeX Warning: `h' float specifier changed to `ht'.

[30] [31 <./Koch-Transmon-eigenenergies.png (PNG copy)>]
<KochTransmon.png, id=143, 561.09625pt x 520.94624pt>
File: KochTransmon.png Graphic file (type png)
 <use KochTransmon.png>
Package pdftex.def Info: KochTransmon.png used on input line 968.
(pdftex.def)             Requested size: 233.5184pt x 216.81pt.


LaTeX Warning: `h' float specifier changed to `ht'.

[32] [33 <./KochTransmon.png>]

LaTeX Warning: Reference `tab:ChipLengths' on page 34 undefined on input line 1
025.


LaTeX Warning: Reference `tab:ResonanceSpectrum' on page 34 undefined on input 
line 1031.

[34]
File: placeholder.jpg Graphic file (type jpg)
 <use placeholder.jpg>
Package pdftex.def Info: placeholder.jpg used on input line 1046.
(pdftex.def)             Requested size: 144.54pt x 144.53682pt.
 <STS.jpg, id=154, 103.9885pt x 138.919pt>
File: STS.jpg Graphic file (type jpg)

<use STS.jpg>
Package pdftex.def Info: STS.jpg used on input line 1046.
(pdftex.def)             Requested size: 144.54pt x 193.09895pt.


LaTeX Warning: Reference `fig:Mounts' on page 35 undefined on input line 1052.

[35 <./STS.jpg>]
File: placeholder.jpg Graphic file (type jpg)
 <use placeholder.jpg>
Package pdftex.def Info: placeholder.jpg used on input line 1062.
(pdftex.def)             Requested size: 144.54pt x 144.53682pt.
File: placeholder.jpg Graphic file (type jpg)
 <use placeholder.jpg>
Package pdftex.def Info: placeholder.jpg used on input line 1062.
(pdftex.def)             Requested size: 144.54pt x 144.53682pt.

<RaitheLine.jpg, id=158, 216.81pt x 162.6075pt>
File: RaitheLine.jpg Graphic file (type jpg)
 <use RaitheLine.jpg>
Package pdftex.def Info: RaitheLine.jpg used on input line 1074.
(pdftex.def)             Requested size: 216.81pt x 162.61453pt.


LaTeX Warning: `h' float specifier changed to `ht'.

[36] [37 <./RaitheLine.jpg>]
Chapter 5.
[38

] (./apeaseThesis.bbl
Underfull \hbox (badness 2772) in paragraph at lines 48--50
[]\OT1/cmr/m/n/10.95 D. P. Di-Vin-cenzo, ``The phys-i-cal im-ple-men-ta-tion of
 quan-tum com-pu-ta-tion,''
 []

[39

]) [40] (./apeaseThesis.aux)

LaTeX Warning: There were undefined references.


LaTeX Warning: There were multiply-defined labels.

 ) 
Here is how much of TeX's memory you used:
 3369 strings out of 493633
 45876 string characters out of 3143378
 113176 words of memory out of 3000000
 6576 multiletter control sequences out of 15000+200000
 16958 words of font info for 66 fonts, out of 3000000 for 9000
 831 hyphenation exceptions out of 8191
 38i,16n,43p,1214b,228s stack positions out of 5000i,500n,10000p,200000b,50000s
</usr/local/texlive/2011/texmf-dist/fonts/type1/public/amsfonts/cm/cmbx10.pfb
></usr/local/texlive/2011/texmf-dist/fonts/type1/public/amsfonts/cm/cmbx12.pfb>
</usr/local/texlive/2011/texmf-dist/fonts/type1/public/amsfonts/cm/cmex10.pfb><
/usr/local/texlive/2011/texmf-dist/fonts/type1/public/amsfonts/cm/cmmi10.pfb></
usr/local/texlive/2011/texmf-dist/fonts/type1/public/amsfonts/cm/cmmi6.pfb></us
r/local/texlive/2011/texmf-dist/fonts/type1/public/amsfonts/cm/cmmi8.pfb></usr/
local/texlive/2011/texmf-dist/fonts/type1/public/amsfonts/cm/cmmi9.pfb></usr/lo
cal/texlive/2011/texmf-dist/fonts/type1/public/amsfonts/cm/cmr10.pfb></usr/loca
l/texlive/2011/texmf-dist/fonts/type1/public/amsfonts/cm/cmr12.pfb></usr/local/
texlive/2011/texmf-dist/fonts/type1/public/amsfonts/cm/cmr17.pfb></usr/local/te
xlive/2011/texmf-dist/fonts/type1/public/amsfonts/cm/cmr6.pfb></usr/local/texli
ve/2011/texmf-dist/fonts/type1/public/amsfonts/cm/cmr8.pfb></usr/local/texlive/
2011/texmf-dist/fonts/type1/public/amsfonts/cm/cmr9.pfb></usr/local/texlive/201
1/texmf-dist/fonts/type1/public/amsfonts/cm/cmsy10.pfb></usr/local/texlive/2011
/texmf-dist/fonts/type1/public/amsfonts/cm/cmsy6.pfb></usr/local/texlive/2011/t
exmf-dist/fonts/type1/public/amsfonts/cm/cmsy8.pfb></usr/local/texlive/2011/tex
mf-dist/fonts/type1/public/amsfonts/cm/cmti10.pfb></usr/local/texlive/2011/texm
f-dist/fonts/type1/public/amsfonts/cm/cmtt12.pfb></usr/local/texlive/2011/texmf
-dist/fonts/type1/public/amsfonts/symbols/msbm10.pfb>
Output written on apeaseThesis.pdf (41 pages, 1014019 bytes).
PDF statistics:
 238 PDF objects out of 1000 (max. 8388607)
 151 compressed objects within 2 object streams
 0 named destinations out of 1000 (max. 500000)
 76 words of extra memory for PDF output out of 10000 (max. 10000000)

